CRITICAL - 2023-12-09 18:27:13 --> Use of undefined constant COMPANY_NAME - assumed 'COMPANY_NAME' (this will throw an Error in a future version of PHP)
in APPPATH\Views\main\leftSideBar.php on line 121.
 1 APPPATH\Views\main\leftSideBar.php(121): CodeIgniter\Debug\Exceptions->errorHandler(2, 'Use of undefined constant COMPANY_NAME - assumed \'COMPANY_NAME\' (this will throw an Error in a future version of PHP)', 'C:\\wamp64\\www\\pelisandgamesportal\\app\\Views\\main\\leftSideBar.php', 121, [...])
 2 SYSTEMPATH\View\View.php(228): include('C:\\wamp64\\www\\pelisandgamesportal\\app\\Views\\main\\leftSideBar.php')
 3 SYSTEMPATH\View\View.php(231): CodeIgniter\View\View->CodeIgniter\View\{closure}()
 4 SYSTEMPATH\Common.php(1190): CodeIgniter\View\View->render('main/leftSideBar', [], true)
 5 APPPATH\Views\main\index.php(46): view('main/leftSideBar')
 6 SYSTEMPATH\View\View.php(228): include('C:\\wamp64\\www\\pelisandgamesportal\\app\\Views\\main\\index.php')
 7 SYSTEMPATH\View\View.php(231): CodeIgniter\View\View->CodeIgniter\View\{closure}()
 8 SYSTEMPATH\Common.php(1190): CodeIgniter\View\View->render('main/index', [], true)
 9 APPPATH\Views\main\header.php(59): view('main/index')
10 SYSTEMPATH\View\View.php(228): include('C:\\wamp64\\www\\pelisandgamesportal\\app\\Views\\main\\header.php')
11 SYSTEMPATH\View\View.php(231): CodeIgniter\View\View->CodeIgniter\View\{closure}()
12 SYSTEMPATH\Common.php(1190): CodeIgniter\View\View->render('main/header', [], true)
13 APPPATH\Controllers\Home.php(11): view('main/header', [...])
14 SYSTEMPATH\CodeIgniter.php(942): App\Controllers\Home->index()
15 SYSTEMPATH\CodeIgniter.php(502): CodeIgniter\CodeIgniter->runController(Object(App\Controllers\Home))
16 SYSTEMPATH\CodeIgniter.php(361): CodeIgniter\CodeIgniter->handleRequest(null, Object(Config\Cache), false)
17 FCPATH\index.php(79): CodeIgniter\CodeIgniter->run()
CRITICAL - 2023-12-09 18:27:16 --> Use of undefined constant COMPANY_NAME - assumed 'COMPANY_NAME' (this will throw an Error in a future version of PHP)
in APPPATH\Views\main\leftSideBar.php on line 121.
 1 APPPATH\Views\main\leftSideBar.php(121): CodeIgniter\Debug\Exceptions->errorHandler(2, 'Use of undefined constant COMPANY_NAME - assumed \'COMPANY_NAME\' (this will throw an Error in a future version of PHP)', 'C:\\wamp64\\www\\pelisandgamesportal\\app\\Views\\main\\leftSideBar.php', 121, [...])
 2 SYSTEMPATH\View\View.php(228): include('C:\\wamp64\\www\\pelisandgamesportal\\app\\Views\\main\\leftSideBar.php')
 3 SYSTEMPATH\View\View.php(231): CodeIgniter\View\View->CodeIgniter\View\{closure}()
 4 SYSTEMPATH\Common.php(1190): CodeIgniter\View\View->render('main/leftSideBar', [], true)
 5 APPPATH\Views\main\index.php(46): view('main/leftSideBar')
 6 SYSTEMPATH\View\View.php(228): include('C:\\wamp64\\www\\pelisandgamesportal\\app\\Views\\main\\index.php')
 7 SYSTEMPATH\View\View.php(231): CodeIgniter\View\View->CodeIgniter\View\{closure}()
 8 SYSTEMPATH\Common.php(1190): CodeIgniter\View\View->render('main/index', [], true)
 9 APPPATH\Views\main\header.php(59): view('main/index')
10 SYSTEMPATH\View\View.php(228): include('C:\\wamp64\\www\\pelisandgamesportal\\app\\Views\\main\\header.php')
11 SYSTEMPATH\View\View.php(231): CodeIgniter\View\View->CodeIgniter\View\{closure}()
12 SYSTEMPATH\Common.php(1190): CodeIgniter\View\View->render('main/header', [], true)
13 APPPATH\Controllers\Home.php(11): view('main/header', [...])
14 SYSTEMPATH\CodeIgniter.php(942): App\Controllers\Home->index()
15 SYSTEMPATH\CodeIgniter.php(502): CodeIgniter\CodeIgniter->runController(Object(App\Controllers\Home))
16 SYSTEMPATH\CodeIgniter.php(361): CodeIgniter\CodeIgniter->handleRequest(null, Object(Config\Cache), false)
17 FCPATH\index.php(79): CodeIgniter\CodeIgniter->run()
CRITICAL - 2023-12-09 18:28:18 --> Use of undefined constant COMPANY_NAME - assumed 'COMPANY_NAME' (this will throw an Error in a future version of PHP)
in APPPATH\Views\main\leftSideBar.php on line 121.
 1 APPPATH\Views\main\leftSideBar.php(121): CodeIgniter\Debug\Exceptions->errorHandler(2, 'Use of undefined constant COMPANY_NAME - assumed \'COMPANY_NAME\' (this will throw an Error in a future version of PHP)', 'C:\\wamp64\\www\\pelisandgamesportal\\app\\Views\\main\\leftSideBar.php', 121, [...])
 2 SYSTEMPATH\View\View.php(228): include('C:\\wamp64\\www\\pelisandgamesportal\\app\\Views\\main\\leftSideBar.php')
 3 SYSTEMPATH\View\View.php(231): CodeIgniter\View\View->CodeIgniter\View\{closure}()
 4 SYSTEMPATH\Common.php(1190): CodeIgniter\View\View->render('main/leftSideBar', [], true)
 5 APPPATH\Views\main\index.php(46): view('main/leftSideBar')
 6 SYSTEMPATH\View\View.php(228): include('C:\\wamp64\\www\\pelisandgamesportal\\app\\Views\\main\\index.php')
 7 SYSTEMPATH\View\View.php(231): CodeIgniter\View\View->CodeIgniter\View\{closure}()
 8 SYSTEMPATH\Common.php(1190): CodeIgniter\View\View->render('main/index', [], true)
 9 APPPATH\Views\main\header.php(59): view('main/index')
10 SYSTEMPATH\View\View.php(228): include('C:\\wamp64\\www\\pelisandgamesportal\\app\\Views\\main\\header.php')
11 SYSTEMPATH\View\View.php(231): CodeIgniter\View\View->CodeIgniter\View\{closure}()
12 SYSTEMPATH\Common.php(1190): CodeIgniter\View\View->render('main/header', [], true)
13 APPPATH\Controllers\Home.php(11): view('main/header', [...])
14 SYSTEMPATH\CodeIgniter.php(942): App\Controllers\Home->index()
15 SYSTEMPATH\CodeIgniter.php(502): CodeIgniter\CodeIgniter->runController(Object(App\Controllers\Home))
16 SYSTEMPATH\CodeIgniter.php(361): CodeIgniter\CodeIgniter->handleRequest(null, Object(Config\Cache), false)
17 FCPATH\index.php(80): CodeIgniter\CodeIgniter->run()
CRITICAL - 2023-12-09 18:29:05 --> Undefined variable: date
in APPPATH\Views\main\leftSideBar.php on line 121.
 1 APPPATH\Views\main\leftSideBar.php(121): CodeIgniter\Debug\Exceptions->errorHandler(8, 'Undefined variable: date', 'C:\\wamp64\\www\\pelisandgamesportal\\app\\Views\\main\\leftSideBar.php', 121, [...])
 2 SYSTEMPATH\View\View.php(228): include('C:\\wamp64\\www\\pelisandgamesportal\\app\\Views\\main\\leftSideBar.php')
 3 SYSTEMPATH\View\View.php(231): CodeIgniter\View\View->CodeIgniter\View\{closure}()
 4 SYSTEMPATH\Common.php(1190): CodeIgniter\View\View->render('main/leftSideBar', [], true)
 5 APPPATH\Views\main\index.php(46): view('main/leftSideBar')
 6 SYSTEMPATH\View\View.php(228): include('C:\\wamp64\\www\\pelisandgamesportal\\app\\Views\\main\\index.php')
 7 SYSTEMPATH\View\View.php(231): CodeIgniter\View\View->CodeIgniter\View\{closure}()
 8 SYSTEMPATH\Common.php(1190): CodeIgniter\View\View->render('main/index', [], true)
 9 APPPATH\Views\main\header.php(59): view('main/index')
10 SYSTEMPATH\View\View.php(228): include('C:\\wamp64\\www\\pelisandgamesportal\\app\\Views\\main\\header.php')
11 SYSTEMPATH\View\View.php(231): CodeIgniter\View\View->CodeIgniter\View\{closure}()
12 SYSTEMPATH\Common.php(1190): CodeIgniter\View\View->render('main/header', [], true)
13 APPPATH\Controllers\Home.php(11): view('main/header', [...])
14 SYSTEMPATH\CodeIgniter.php(942): App\Controllers\Home->index()
15 SYSTEMPATH\CodeIgniter.php(502): CodeIgniter\CodeIgniter->runController(Object(App\Controllers\Home))
16 SYSTEMPATH\CodeIgniter.php(361): CodeIgniter\CodeIgniter->handleRequest(null, Object(Config\Cache), false)
17 FCPATH\index.php(80): CodeIgniter\CodeIgniter->run()
