CRITICAL - 2023-12-10 03:09:34 --> Undefined variable: moviesCategories
in APPPATH\Views\main\leftSideBar.php on line 24.
 1 APPPATH\Views\main\leftSideBar.php(24): CodeIgniter\Debug\Exceptions->errorHandler(8, 'Undefined variable: moviesCategories', 'C:\\wamp64\\www\\pelisandgamesportal\\app\\Views\\main\\leftSideBar.php', 24, [...])
 2 SYSTEMPATH\View\View.php(228): include('C:\\wamp64\\www\\pelisandgamesportal\\app\\Views\\main\\leftSideBar.php')
 3 SYSTEMPATH\View\View.php(231): CodeIgniter\View\View->CodeIgniter\View\{closure}()
 4 SYSTEMPATH\Common.php(1190): CodeIgniter\View\View->render('main/leftSideBar', [], true)
 5 APPPATH\Views\main\index.php(46): view('main/leftSideBar')
 6 SYSTEMPATH\View\View.php(228): include('C:\\wamp64\\www\\pelisandgamesportal\\app\\Views\\main\\index.php')
 7 SYSTEMPATH\View\View.php(231): CodeIgniter\View\View->CodeIgniter\View\{closure}()
 8 SYSTEMPATH\Common.php(1190): CodeIgniter\View\View->render('main/index', [], true)
 9 APPPATH\Views\main\header.php(59): view('main/index')
10 SYSTEMPATH\View\View.php(228): include('C:\\wamp64\\www\\pelisandgamesportal\\app\\Views\\main\\header.php')
11 SYSTEMPATH\View\View.php(231): CodeIgniter\View\View->CodeIgniter\View\{closure}()
12 SYSTEMPATH\Common.php(1190): CodeIgniter\View\View->render('main/header', [], true)
13 APPPATH\Controllers\Home.php(29): view('main/header', [...])
14 SYSTEMPATH\CodeIgniter.php(942): App\Controllers\Home->index()
15 SYSTEMPATH\CodeIgniter.php(502): CodeIgniter\CodeIgniter->runController(Object(App\Controllers\Home))
16 SYSTEMPATH\CodeIgniter.php(361): CodeIgniter\CodeIgniter->handleRequest(null, Object(Config\Cache), false)
17 FCPATH\index.php(80): CodeIgniter\CodeIgniter->run()
CRITICAL - 2023-12-10 03:13:05 --> Trying to get property 'categoryID' of non-object
in APPPATH\Views\main\leftSideBar.php on line 37.
 1 APPPATH\Views\main\leftSideBar.php(37): CodeIgniter\Debug\Exceptions->errorHandler(8, 'Trying to get property \'categoryID\' of non-object', 'C:\\wamp64\\www\\pelisandgamesportal\\app\\Views\\main\\leftSideBar.php', 37, [...])
 2 SYSTEMPATH\View\View.php(228): include('C:\\wamp64\\www\\pelisandgamesportal\\app\\Views\\main\\leftSideBar.php')
 3 SYSTEMPATH\View\View.php(231): CodeIgniter\View\View->CodeIgniter\View\{closure}()
 4 SYSTEMPATH\Common.php(1190): CodeIgniter\View\View->render('main/leftSideBar', [], true)
 5 APPPATH\Views\main\index.php(46): view('main/leftSideBar')
 6 SYSTEMPATH\View\View.php(228): include('C:\\wamp64\\www\\pelisandgamesportal\\app\\Views\\main\\index.php')
 7 SYSTEMPATH\View\View.php(231): CodeIgniter\View\View->CodeIgniter\View\{closure}()
 8 SYSTEMPATH\Common.php(1190): CodeIgniter\View\View->render('main/index', [], true)
 9 APPPATH\Views\main\header.php(59): view('main/index')
10 SYSTEMPATH\View\View.php(228): include('C:\\wamp64\\www\\pelisandgamesportal\\app\\Views\\main\\header.php')
11 SYSTEMPATH\View\View.php(231): CodeIgniter\View\View->CodeIgniter\View\{closure}()
12 SYSTEMPATH\Common.php(1190): CodeIgniter\View\View->render('main/header', [], true)
13 APPPATH\Controllers\Home.php(29): view('main/header', [...])
14 SYSTEMPATH\CodeIgniter.php(942): App\Controllers\Home->index()
15 SYSTEMPATH\CodeIgniter.php(502): CodeIgniter\CodeIgniter->runController(Object(App\Controllers\Home))
16 SYSTEMPATH\CodeIgniter.php(361): CodeIgniter\CodeIgniter->handleRequest(null, Object(Config\Cache), false)
17 FCPATH\index.php(80): CodeIgniter\CodeIgniter->run()
CRITICAL - 2023-12-10 03:13:55 --> Trying to get property 'categoryID' of non-object
in APPPATH\Views\main\leftSideBar.php on line 23.
 1 APPPATH\Views\main\leftSideBar.php(23): CodeIgniter\Debug\Exceptions->errorHandler(8, 'Trying to get property \'categoryID\' of non-object', 'C:\\wamp64\\www\\pelisandgamesportal\\app\\Views\\main\\leftSideBar.php', 23, [...])
 2 SYSTEMPATH\View\View.php(228): include('C:\\wamp64\\www\\pelisandgamesportal\\app\\Views\\main\\leftSideBar.php')
 3 SYSTEMPATH\View\View.php(231): CodeIgniter\View\View->CodeIgniter\View\{closure}()
 4 SYSTEMPATH\Common.php(1190): CodeIgniter\View\View->render('main/leftSideBar', [], true)
 5 APPPATH\Views\main\index.php(46): view('main/leftSideBar')
 6 SYSTEMPATH\View\View.php(228): include('C:\\wamp64\\www\\pelisandgamesportal\\app\\Views\\main\\index.php')
 7 SYSTEMPATH\View\View.php(231): CodeIgniter\View\View->CodeIgniter\View\{closure}()
 8 SYSTEMPATH\Common.php(1190): CodeIgniter\View\View->render('main/index', [], true)
 9 APPPATH\Views\main\header.php(59): view('main/index')
10 SYSTEMPATH\View\View.php(228): include('C:\\wamp64\\www\\pelisandgamesportal\\app\\Views\\main\\header.php')
11 SYSTEMPATH\View\View.php(231): CodeIgniter\View\View->CodeIgniter\View\{closure}()
12 SYSTEMPATH\Common.php(1190): CodeIgniter\View\View->render('main/header', [], true)
13 APPPATH\Controllers\Home.php(29): view('main/header', [...])
14 SYSTEMPATH\CodeIgniter.php(942): App\Controllers\Home->index()
15 SYSTEMPATH\CodeIgniter.php(502): CodeIgniter\CodeIgniter->runController(Object(App\Controllers\Home))
16 SYSTEMPATH\CodeIgniter.php(361): CodeIgniter\CodeIgniter->handleRequest(null, Object(Config\Cache), false)
17 FCPATH\index.php(80): CodeIgniter\CodeIgniter->run()
CRITICAL - 2023-12-10 03:13:56 --> Trying to get property 'categoryID' of non-object
in APPPATH\Views\main\leftSideBar.php on line 23.
 1 APPPATH\Views\main\leftSideBar.php(23): CodeIgniter\Debug\Exceptions->errorHandler(8, 'Trying to get property \'categoryID\' of non-object', 'C:\\wamp64\\www\\pelisandgamesportal\\app\\Views\\main\\leftSideBar.php', 23, [...])
 2 SYSTEMPATH\View\View.php(228): include('C:\\wamp64\\www\\pelisandgamesportal\\app\\Views\\main\\leftSideBar.php')
 3 SYSTEMPATH\View\View.php(231): CodeIgniter\View\View->CodeIgniter\View\{closure}()
 4 SYSTEMPATH\Common.php(1190): CodeIgniter\View\View->render('main/leftSideBar', [], true)
 5 APPPATH\Views\main\index.php(46): view('main/leftSideBar')
 6 SYSTEMPATH\View\View.php(228): include('C:\\wamp64\\www\\pelisandgamesportal\\app\\Views\\main\\index.php')
 7 SYSTEMPATH\View\View.php(231): CodeIgniter\View\View->CodeIgniter\View\{closure}()
 8 SYSTEMPATH\Common.php(1190): CodeIgniter\View\View->render('main/index', [], true)
 9 APPPATH\Views\main\header.php(59): view('main/index')
10 SYSTEMPATH\View\View.php(228): include('C:\\wamp64\\www\\pelisandgamesportal\\app\\Views\\main\\header.php')
11 SYSTEMPATH\View\View.php(231): CodeIgniter\View\View->CodeIgniter\View\{closure}()
12 SYSTEMPATH\Common.php(1190): CodeIgniter\View\View->render('main/header', [], true)
13 APPPATH\Controllers\Home.php(29): view('main/header', [...])
14 SYSTEMPATH\CodeIgniter.php(942): App\Controllers\Home->index()
15 SYSTEMPATH\CodeIgniter.php(502): CodeIgniter\CodeIgniter->runController(Object(App\Controllers\Home))
16 SYSTEMPATH\CodeIgniter.php(361): CodeIgniter\CodeIgniter->handleRequest(null, Object(Config\Cache), false)
17 FCPATH\index.php(80): CodeIgniter\CodeIgniter->run()
CRITICAL - 2023-12-10 03:14:02 --> Trying to get property 'categoryID' of non-object
in APPPATH\Views\main\leftSideBar.php on line 23.
 1 APPPATH\Views\main\leftSideBar.php(23): CodeIgniter\Debug\Exceptions->errorHandler(8, 'Trying to get property \'categoryID\' of non-object', 'C:\\wamp64\\www\\pelisandgamesportal\\app\\Views\\main\\leftSideBar.php', 23, [...])
 2 SYSTEMPATH\View\View.php(228): include('C:\\wamp64\\www\\pelisandgamesportal\\app\\Views\\main\\leftSideBar.php')
 3 SYSTEMPATH\View\View.php(231): CodeIgniter\View\View->CodeIgniter\View\{closure}()
 4 SYSTEMPATH\Common.php(1190): CodeIgniter\View\View->render('main/leftSideBar', [], true)
 5 APPPATH\Views\main\index.php(46): view('main/leftSideBar')
 6 SYSTEMPATH\View\View.php(228): include('C:\\wamp64\\www\\pelisandgamesportal\\app\\Views\\main\\index.php')
 7 SYSTEMPATH\View\View.php(231): CodeIgniter\View\View->CodeIgniter\View\{closure}()
 8 SYSTEMPATH\Common.php(1190): CodeIgniter\View\View->render('main/index', [], true)
 9 APPPATH\Views\main\header.php(59): view('main/index')
10 SYSTEMPATH\View\View.php(228): include('C:\\wamp64\\www\\pelisandgamesportal\\app\\Views\\main\\header.php')
11 SYSTEMPATH\View\View.php(231): CodeIgniter\View\View->CodeIgniter\View\{closure}()
12 SYSTEMPATH\Common.php(1190): CodeIgniter\View\View->render('main/header', [], true)
13 APPPATH\Controllers\Home.php(29): view('main/header', [...])
14 SYSTEMPATH\CodeIgniter.php(942): App\Controllers\Home->index()
15 SYSTEMPATH\CodeIgniter.php(502): CodeIgniter\CodeIgniter->runController(Object(App\Controllers\Home))
16 SYSTEMPATH\CodeIgniter.php(361): CodeIgniter\CodeIgniter->handleRequest(null, Object(Config\Cache), false)
17 FCPATH\index.php(80): CodeIgniter\CodeIgniter->run()
CRITICAL - 2023-12-10 03:15:07 --> Trying to get property 'categoryID' of non-object
in APPPATH\Views\main\leftSideBar.php on line 38.
 1 APPPATH\Views\main\leftSideBar.php(38): CodeIgniter\Debug\Exceptions->errorHandler(8, 'Trying to get property \'categoryID\' of non-object', 'C:\\wamp64\\www\\pelisandgamesportal\\app\\Views\\main\\leftSideBar.php', 38, [...])
 2 SYSTEMPATH\View\View.php(228): include('C:\\wamp64\\www\\pelisandgamesportal\\app\\Views\\main\\leftSideBar.php')
 3 SYSTEMPATH\View\View.php(231): CodeIgniter\View\View->CodeIgniter\View\{closure}()
 4 SYSTEMPATH\Common.php(1190): CodeIgniter\View\View->render('main/leftSideBar', [], true)
 5 APPPATH\Views\main\index.php(46): view('main/leftSideBar')
 6 SYSTEMPATH\View\View.php(228): include('C:\\wamp64\\www\\pelisandgamesportal\\app\\Views\\main\\index.php')
 7 SYSTEMPATH\View\View.php(231): CodeIgniter\View\View->CodeIgniter\View\{closure}()
 8 SYSTEMPATH\Common.php(1190): CodeIgniter\View\View->render('main/index', [], true)
 9 APPPATH\Views\main\header.php(59): view('main/index')
10 SYSTEMPATH\View\View.php(228): include('C:\\wamp64\\www\\pelisandgamesportal\\app\\Views\\main\\header.php')
11 SYSTEMPATH\View\View.php(231): CodeIgniter\View\View->CodeIgniter\View\{closure}()
12 SYSTEMPATH\Common.php(1190): CodeIgniter\View\View->render('main/header', [], true)
13 APPPATH\Controllers\Home.php(29): view('main/header', [...])
14 SYSTEMPATH\CodeIgniter.php(942): App\Controllers\Home->index()
15 SYSTEMPATH\CodeIgniter.php(502): CodeIgniter\CodeIgniter->runController(Object(App\Controllers\Home))
16 SYSTEMPATH\CodeIgniter.php(361): CodeIgniter\CodeIgniter->handleRequest(null, Object(Config\Cache), false)
17 FCPATH\index.php(80): CodeIgniter\CodeIgniter->run()
CRITICAL - 2023-12-10 03:15:25 --> Trying to get property 'categoryID' of non-object
in APPPATH\Views\main\leftSideBar.php on line 39.
 1 APPPATH\Views\main\leftSideBar.php(39): CodeIgniter\Debug\Exceptions->errorHandler(8, 'Trying to get property \'categoryID\' of non-object', 'C:\\wamp64\\www\\pelisandgamesportal\\app\\Views\\main\\leftSideBar.php', 39, [...])
 2 SYSTEMPATH\View\View.php(228): include('C:\\wamp64\\www\\pelisandgamesportal\\app\\Views\\main\\leftSideBar.php')
 3 SYSTEMPATH\View\View.php(231): CodeIgniter\View\View->CodeIgniter\View\{closure}()
 4 SYSTEMPATH\Common.php(1190): CodeIgniter\View\View->render('main/leftSideBar', [], true)
 5 APPPATH\Views\main\index.php(46): view('main/leftSideBar')
 6 SYSTEMPATH\View\View.php(228): include('C:\\wamp64\\www\\pelisandgamesportal\\app\\Views\\main\\index.php')
 7 SYSTEMPATH\View\View.php(231): CodeIgniter\View\View->CodeIgniter\View\{closure}()
 8 SYSTEMPATH\Common.php(1190): CodeIgniter\View\View->render('main/index', [], true)
 9 APPPATH\Views\main\header.php(59): view('main/index')
10 SYSTEMPATH\View\View.php(228): include('C:\\wamp64\\www\\pelisandgamesportal\\app\\Views\\main\\header.php')
11 SYSTEMPATH\View\View.php(231): CodeIgniter\View\View->CodeIgniter\View\{closure}()
12 SYSTEMPATH\Common.php(1190): CodeIgniter\View\View->render('main/header', [], true)
13 APPPATH\Controllers\Home.php(29): view('main/header', [...])
14 SYSTEMPATH\CodeIgniter.php(942): App\Controllers\Home->index()
15 SYSTEMPATH\CodeIgniter.php(502): CodeIgniter\CodeIgniter->runController(Object(App\Controllers\Home))
16 SYSTEMPATH\CodeIgniter.php(361): CodeIgniter\CodeIgniter->handleRequest(null, Object(Config\Cache), false)
17 FCPATH\index.php(80): CodeIgniter\CodeIgniter->run()
CRITICAL - 2023-12-10 03:15:26 --> Trying to get property 'categoryID' of non-object
in APPPATH\Views\main\leftSideBar.php on line 39.
 1 APPPATH\Views\main\leftSideBar.php(39): CodeIgniter\Debug\Exceptions->errorHandler(8, 'Trying to get property \'categoryID\' of non-object', 'C:\\wamp64\\www\\pelisandgamesportal\\app\\Views\\main\\leftSideBar.php', 39, [...])
 2 SYSTEMPATH\View\View.php(228): include('C:\\wamp64\\www\\pelisandgamesportal\\app\\Views\\main\\leftSideBar.php')
 3 SYSTEMPATH\View\View.php(231): CodeIgniter\View\View->CodeIgniter\View\{closure}()
 4 SYSTEMPATH\Common.php(1190): CodeIgniter\View\View->render('main/leftSideBar', [], true)
 5 APPPATH\Views\main\index.php(46): view('main/leftSideBar')
 6 SYSTEMPATH\View\View.php(228): include('C:\\wamp64\\www\\pelisandgamesportal\\app\\Views\\main\\index.php')
 7 SYSTEMPATH\View\View.php(231): CodeIgniter\View\View->CodeIgniter\View\{closure}()
 8 SYSTEMPATH\Common.php(1190): CodeIgniter\View\View->render('main/index', [], true)
 9 APPPATH\Views\main\header.php(59): view('main/index')
10 SYSTEMPATH\View\View.php(228): include('C:\\wamp64\\www\\pelisandgamesportal\\app\\Views\\main\\header.php')
11 SYSTEMPATH\View\View.php(231): CodeIgniter\View\View->CodeIgniter\View\{closure}()
12 SYSTEMPATH\Common.php(1190): CodeIgniter\View\View->render('main/header', [], true)
13 APPPATH\Controllers\Home.php(29): view('main/header', [...])
14 SYSTEMPATH\CodeIgniter.php(942): App\Controllers\Home->index()
15 SYSTEMPATH\CodeIgniter.php(502): CodeIgniter\CodeIgniter->runController(Object(App\Controllers\Home))
16 SYSTEMPATH\CodeIgniter.php(361): CodeIgniter\CodeIgniter->handleRequest(null, Object(Config\Cache), false)
17 FCPATH\index.php(80): CodeIgniter\CodeIgniter->run()
CRITICAL - 2023-12-10 03:15:26 --> Trying to get property 'categoryID' of non-object
in APPPATH\Views\main\leftSideBar.php on line 39.
 1 APPPATH\Views\main\leftSideBar.php(39): CodeIgniter\Debug\Exceptions->errorHandler(8, 'Trying to get property \'categoryID\' of non-object', 'C:\\wamp64\\www\\pelisandgamesportal\\app\\Views\\main\\leftSideBar.php', 39, [...])
 2 SYSTEMPATH\View\View.php(228): include('C:\\wamp64\\www\\pelisandgamesportal\\app\\Views\\main\\leftSideBar.php')
 3 SYSTEMPATH\View\View.php(231): CodeIgniter\View\View->CodeIgniter\View\{closure}()
 4 SYSTEMPATH\Common.php(1190): CodeIgniter\View\View->render('main/leftSideBar', [], true)
 5 APPPATH\Views\main\index.php(46): view('main/leftSideBar')
 6 SYSTEMPATH\View\View.php(228): include('C:\\wamp64\\www\\pelisandgamesportal\\app\\Views\\main\\index.php')
 7 SYSTEMPATH\View\View.php(231): CodeIgniter\View\View->CodeIgniter\View\{closure}()
 8 SYSTEMPATH\Common.php(1190): CodeIgniter\View\View->render('main/index', [], true)
 9 APPPATH\Views\main\header.php(59): view('main/index')
10 SYSTEMPATH\View\View.php(228): include('C:\\wamp64\\www\\pelisandgamesportal\\app\\Views\\main\\header.php')
11 SYSTEMPATH\View\View.php(231): CodeIgniter\View\View->CodeIgniter\View\{closure}()
12 SYSTEMPATH\Common.php(1190): CodeIgniter\View\View->render('main/header', [], true)
13 APPPATH\Controllers\Home.php(29): view('main/header', [...])
14 SYSTEMPATH\CodeIgniter.php(942): App\Controllers\Home->index()
15 SYSTEMPATH\CodeIgniter.php(502): CodeIgniter\CodeIgniter->runController(Object(App\Controllers\Home))
16 SYSTEMPATH\CodeIgniter.php(361): CodeIgniter\CodeIgniter->handleRequest(null, Object(Config\Cache), false)
17 FCPATH\index.php(80): CodeIgniter\CodeIgniter->run()
CRITICAL - 2023-12-10 03:18:19 --> Trying to get property 'categoryID' of non-object
in APPPATH\Views\main\leftSideBar.php on line 37.
 1 APPPATH\Views\main\leftSideBar.php(37): CodeIgniter\Debug\Exceptions->errorHandler(8, 'Trying to get property \'categoryID\' of non-object', 'C:\\wamp64\\www\\pelisandgamesportal\\app\\Views\\main\\leftSideBar.php', 37, [...])
 2 SYSTEMPATH\View\View.php(228): include('C:\\wamp64\\www\\pelisandgamesportal\\app\\Views\\main\\leftSideBar.php')
 3 SYSTEMPATH\View\View.php(231): CodeIgniter\View\View->CodeIgniter\View\{closure}()
 4 SYSTEMPATH\Common.php(1190): CodeIgniter\View\View->render('main/leftSideBar', [], true)
 5 APPPATH\Views\main\index.php(46): view('main/leftSideBar')
 6 SYSTEMPATH\View\View.php(228): include('C:\\wamp64\\www\\pelisandgamesportal\\app\\Views\\main\\index.php')
 7 SYSTEMPATH\View\View.php(231): CodeIgniter\View\View->CodeIgniter\View\{closure}()
 8 SYSTEMPATH\Common.php(1190): CodeIgniter\View\View->render('main/index', [], true)
 9 APPPATH\Views\main\header.php(59): view('main/index')
10 SYSTEMPATH\View\View.php(228): include('C:\\wamp64\\www\\pelisandgamesportal\\app\\Views\\main\\header.php')
11 SYSTEMPATH\View\View.php(231): CodeIgniter\View\View->CodeIgniter\View\{closure}()
12 SYSTEMPATH\Common.php(1190): CodeIgniter\View\View->render('main/header', [], true)
13 APPPATH\Controllers\Home.php(29): view('main/header', [...])
14 SYSTEMPATH\CodeIgniter.php(942): App\Controllers\Home->index()
15 SYSTEMPATH\CodeIgniter.php(502): CodeIgniter\CodeIgniter->runController(Object(App\Controllers\Home))
16 SYSTEMPATH\CodeIgniter.php(361): CodeIgniter\CodeIgniter->handleRequest(null, Object(Config\Cache), false)
17 FCPATH\index.php(80): CodeIgniter\CodeIgniter->run()
CRITICAL - 2023-12-10 03:18:32 --> Trying to get property 'categoryID' of non-object
in APPPATH\Views\main\leftSideBar.php on line 37.
 1 APPPATH\Views\main\leftSideBar.php(37): CodeIgniter\Debug\Exceptions->errorHandler(8, 'Trying to get property \'categoryID\' of non-object', 'C:\\wamp64\\www\\pelisandgamesportal\\app\\Views\\main\\leftSideBar.php', 37, [...])
 2 SYSTEMPATH\View\View.php(228): include('C:\\wamp64\\www\\pelisandgamesportal\\app\\Views\\main\\leftSideBar.php')
 3 SYSTEMPATH\View\View.php(231): CodeIgniter\View\View->CodeIgniter\View\{closure}()
 4 SYSTEMPATH\Common.php(1190): CodeIgniter\View\View->render('main/leftSideBar', [], true)
 5 APPPATH\Views\main\index.php(46): view('main/leftSideBar')
 6 SYSTEMPATH\View\View.php(228): include('C:\\wamp64\\www\\pelisandgamesportal\\app\\Views\\main\\index.php')
 7 SYSTEMPATH\View\View.php(231): CodeIgniter\View\View->CodeIgniter\View\{closure}()
 8 SYSTEMPATH\Common.php(1190): CodeIgniter\View\View->render('main/index', [], true)
 9 APPPATH\Views\main\header.php(59): view('main/index')
10 SYSTEMPATH\View\View.php(228): include('C:\\wamp64\\www\\pelisandgamesportal\\app\\Views\\main\\header.php')
11 SYSTEMPATH\View\View.php(231): CodeIgniter\View\View->CodeIgniter\View\{closure}()
12 SYSTEMPATH\Common.php(1190): CodeIgniter\View\View->render('main/header', [], true)
13 APPPATH\Controllers\Home.php(29): view('main/header', [...])
14 SYSTEMPATH\CodeIgniter.php(942): App\Controllers\Home->index()
15 SYSTEMPATH\CodeIgniter.php(502): CodeIgniter\CodeIgniter->runController(Object(App\Controllers\Home))
16 SYSTEMPATH\CodeIgniter.php(361): CodeIgniter\CodeIgniter->handleRequest(null, Object(Config\Cache), false)
17 FCPATH\index.php(80): CodeIgniter\CodeIgniter->run()
CRITICAL - 2023-12-10 03:18:33 --> Trying to get property 'categoryID' of non-object
in APPPATH\Views\main\leftSideBar.php on line 37.
 1 APPPATH\Views\main\leftSideBar.php(37): CodeIgniter\Debug\Exceptions->errorHandler(8, 'Trying to get property \'categoryID\' of non-object', 'C:\\wamp64\\www\\pelisandgamesportal\\app\\Views\\main\\leftSideBar.php', 37, [...])
 2 SYSTEMPATH\View\View.php(228): include('C:\\wamp64\\www\\pelisandgamesportal\\app\\Views\\main\\leftSideBar.php')
 3 SYSTEMPATH\View\View.php(231): CodeIgniter\View\View->CodeIgniter\View\{closure}()
 4 SYSTEMPATH\Common.php(1190): CodeIgniter\View\View->render('main/leftSideBar', [], true)
 5 APPPATH\Views\main\index.php(46): view('main/leftSideBar')
 6 SYSTEMPATH\View\View.php(228): include('C:\\wamp64\\www\\pelisandgamesportal\\app\\Views\\main\\index.php')
 7 SYSTEMPATH\View\View.php(231): CodeIgniter\View\View->CodeIgniter\View\{closure}()
 8 SYSTEMPATH\Common.php(1190): CodeIgniter\View\View->render('main/index', [], true)
 9 APPPATH\Views\main\header.php(59): view('main/index')
10 SYSTEMPATH\View\View.php(228): include('C:\\wamp64\\www\\pelisandgamesportal\\app\\Views\\main\\header.php')
11 SYSTEMPATH\View\View.php(231): CodeIgniter\View\View->CodeIgniter\View\{closure}()
12 SYSTEMPATH\Common.php(1190): CodeIgniter\View\View->render('main/header', [], true)
13 APPPATH\Controllers\Home.php(29): view('main/header', [...])
14 SYSTEMPATH\CodeIgniter.php(942): App\Controllers\Home->index()
15 SYSTEMPATH\CodeIgniter.php(502): CodeIgniter\CodeIgniter->runController(Object(App\Controllers\Home))
16 SYSTEMPATH\CodeIgniter.php(361): CodeIgniter\CodeIgniter->handleRequest(null, Object(Config\Cache), false)
17 FCPATH\index.php(80): CodeIgniter\CodeIgniter->run()
CRITICAL - 2023-12-10 03:18:33 --> Trying to get property 'categoryID' of non-object
in APPPATH\Views\main\leftSideBar.php on line 37.
 1 APPPATH\Views\main\leftSideBar.php(37): CodeIgniter\Debug\Exceptions->errorHandler(8, 'Trying to get property \'categoryID\' of non-object', 'C:\\wamp64\\www\\pelisandgamesportal\\app\\Views\\main\\leftSideBar.php', 37, [...])
 2 SYSTEMPATH\View\View.php(228): include('C:\\wamp64\\www\\pelisandgamesportal\\app\\Views\\main\\leftSideBar.php')
 3 SYSTEMPATH\View\View.php(231): CodeIgniter\View\View->CodeIgniter\View\{closure}()
 4 SYSTEMPATH\Common.php(1190): CodeIgniter\View\View->render('main/leftSideBar', [], true)
 5 APPPATH\Views\main\index.php(46): view('main/leftSideBar')
 6 SYSTEMPATH\View\View.php(228): include('C:\\wamp64\\www\\pelisandgamesportal\\app\\Views\\main\\index.php')
 7 SYSTEMPATH\View\View.php(231): CodeIgniter\View\View->CodeIgniter\View\{closure}()
 8 SYSTEMPATH\Common.php(1190): CodeIgniter\View\View->render('main/index', [], true)
 9 APPPATH\Views\main\header.php(59): view('main/index')
10 SYSTEMPATH\View\View.php(228): include('C:\\wamp64\\www\\pelisandgamesportal\\app\\Views\\main\\header.php')
11 SYSTEMPATH\View\View.php(231): CodeIgniter\View\View->CodeIgniter\View\{closure}()
12 SYSTEMPATH\Common.php(1190): CodeIgniter\View\View->render('main/header', [], true)
13 APPPATH\Controllers\Home.php(29): view('main/header', [...])
14 SYSTEMPATH\CodeIgniter.php(942): App\Controllers\Home->index()
15 SYSTEMPATH\CodeIgniter.php(502): CodeIgniter\CodeIgniter->runController(Object(App\Controllers\Home))
16 SYSTEMPATH\CodeIgniter.php(361): CodeIgniter\CodeIgniter->handleRequest(null, Object(Config\Cache), false)
17 FCPATH\index.php(80): CodeIgniter\CodeIgniter->run()
CRITICAL - 2023-12-10 03:18:34 --> Trying to get property 'categoryID' of non-object
in APPPATH\Views\main\leftSideBar.php on line 37.
 1 APPPATH\Views\main\leftSideBar.php(37): CodeIgniter\Debug\Exceptions->errorHandler(8, 'Trying to get property \'categoryID\' of non-object', 'C:\\wamp64\\www\\pelisandgamesportal\\app\\Views\\main\\leftSideBar.php', 37, [...])
 2 SYSTEMPATH\View\View.php(228): include('C:\\wamp64\\www\\pelisandgamesportal\\app\\Views\\main\\leftSideBar.php')
 3 SYSTEMPATH\View\View.php(231): CodeIgniter\View\View->CodeIgniter\View\{closure}()
 4 SYSTEMPATH\Common.php(1190): CodeIgniter\View\View->render('main/leftSideBar', [], true)
 5 APPPATH\Views\main\index.php(46): view('main/leftSideBar')
 6 SYSTEMPATH\View\View.php(228): include('C:\\wamp64\\www\\pelisandgamesportal\\app\\Views\\main\\index.php')
 7 SYSTEMPATH\View\View.php(231): CodeIgniter\View\View->CodeIgniter\View\{closure}()
 8 SYSTEMPATH\Common.php(1190): CodeIgniter\View\View->render('main/index', [], true)
 9 APPPATH\Views\main\header.php(59): view('main/index')
10 SYSTEMPATH\View\View.php(228): include('C:\\wamp64\\www\\pelisandgamesportal\\app\\Views\\main\\header.php')
11 SYSTEMPATH\View\View.php(231): CodeIgniter\View\View->CodeIgniter\View\{closure}()
12 SYSTEMPATH\Common.php(1190): CodeIgniter\View\View->render('main/header', [], true)
13 APPPATH\Controllers\Home.php(29): view('main/header', [...])
14 SYSTEMPATH\CodeIgniter.php(942): App\Controllers\Home->index()
15 SYSTEMPATH\CodeIgniter.php(502): CodeIgniter\CodeIgniter->runController(Object(App\Controllers\Home))
16 SYSTEMPATH\CodeIgniter.php(361): CodeIgniter\CodeIgniter->handleRequest(null, Object(Config\Cache), false)
17 FCPATH\index.php(80): CodeIgniter\CodeIgniter->run()
CRITICAL - 2023-12-10 03:18:38 --> Trying to get property 'categoryID' of non-object
in APPPATH\Views\main\leftSideBar.php on line 37.
 1 APPPATH\Views\main\leftSideBar.php(37): CodeIgniter\Debug\Exceptions->errorHandler(8, 'Trying to get property \'categoryID\' of non-object', 'C:\\wamp64\\www\\pelisandgamesportal\\app\\Views\\main\\leftSideBar.php', 37, [...])
 2 SYSTEMPATH\View\View.php(228): include('C:\\wamp64\\www\\pelisandgamesportal\\app\\Views\\main\\leftSideBar.php')
 3 SYSTEMPATH\View\View.php(231): CodeIgniter\View\View->CodeIgniter\View\{closure}()
 4 SYSTEMPATH\Common.php(1190): CodeIgniter\View\View->render('main/leftSideBar', [], true)
 5 APPPATH\Views\main\index.php(46): view('main/leftSideBar')
 6 SYSTEMPATH\View\View.php(228): include('C:\\wamp64\\www\\pelisandgamesportal\\app\\Views\\main\\index.php')
 7 SYSTEMPATH\View\View.php(231): CodeIgniter\View\View->CodeIgniter\View\{closure}()
 8 SYSTEMPATH\Common.php(1190): CodeIgniter\View\View->render('main/index', [], true)
 9 APPPATH\Views\main\header.php(59): view('main/index')
10 SYSTEMPATH\View\View.php(228): include('C:\\wamp64\\www\\pelisandgamesportal\\app\\Views\\main\\header.php')
11 SYSTEMPATH\View\View.php(231): CodeIgniter\View\View->CodeIgniter\View\{closure}()
12 SYSTEMPATH\Common.php(1190): CodeIgniter\View\View->render('main/header', [], true)
13 APPPATH\Controllers\Home.php(29): view('main/header', [...])
14 SYSTEMPATH\CodeIgniter.php(942): App\Controllers\Home->index()
15 SYSTEMPATH\CodeIgniter.php(502): CodeIgniter\CodeIgniter->runController(Object(App\Controllers\Home))
16 SYSTEMPATH\CodeIgniter.php(361): CodeIgniter\CodeIgniter->handleRequest(null, Object(Config\Cache), false)
17 FCPATH\index.php(80): CodeIgniter\CodeIgniter->run()
CRITICAL - 2023-12-10 03:18:39 --> Trying to get property 'categoryID' of non-object
in APPPATH\Views\main\leftSideBar.php on line 37.
 1 APPPATH\Views\main\leftSideBar.php(37): CodeIgniter\Debug\Exceptions->errorHandler(8, 'Trying to get property \'categoryID\' of non-object', 'C:\\wamp64\\www\\pelisandgamesportal\\app\\Views\\main\\leftSideBar.php', 37, [...])
 2 SYSTEMPATH\View\View.php(228): include('C:\\wamp64\\www\\pelisandgamesportal\\app\\Views\\main\\leftSideBar.php')
 3 SYSTEMPATH\View\View.php(231): CodeIgniter\View\View->CodeIgniter\View\{closure}()
 4 SYSTEMPATH\Common.php(1190): CodeIgniter\View\View->render('main/leftSideBar', [], true)
 5 APPPATH\Views\main\index.php(46): view('main/leftSideBar')
 6 SYSTEMPATH\View\View.php(228): include('C:\\wamp64\\www\\pelisandgamesportal\\app\\Views\\main\\index.php')
 7 SYSTEMPATH\View\View.php(231): CodeIgniter\View\View->CodeIgniter\View\{closure}()
 8 SYSTEMPATH\Common.php(1190): CodeIgniter\View\View->render('main/index', [], true)
 9 APPPATH\Views\main\header.php(59): view('main/index')
10 SYSTEMPATH\View\View.php(228): include('C:\\wamp64\\www\\pelisandgamesportal\\app\\Views\\main\\header.php')
11 SYSTEMPATH\View\View.php(231): CodeIgniter\View\View->CodeIgniter\View\{closure}()
12 SYSTEMPATH\Common.php(1190): CodeIgniter\View\View->render('main/header', [], true)
13 APPPATH\Controllers\Home.php(29): view('main/header', [...])
14 SYSTEMPATH\CodeIgniter.php(942): App\Controllers\Home->index()
15 SYSTEMPATH\CodeIgniter.php(502): CodeIgniter\CodeIgniter->runController(Object(App\Controllers\Home))
16 SYSTEMPATH\CodeIgniter.php(361): CodeIgniter\CodeIgniter->handleRequest(null, Object(Config\Cache), false)
17 FCPATH\index.php(80): CodeIgniter\CodeIgniter->run()
CRITICAL - 2023-12-10 03:18:39 --> Trying to get property 'categoryID' of non-object
in APPPATH\Views\main\leftSideBar.php on line 37.
 1 APPPATH\Views\main\leftSideBar.php(37): CodeIgniter\Debug\Exceptions->errorHandler(8, 'Trying to get property \'categoryID\' of non-object', 'C:\\wamp64\\www\\pelisandgamesportal\\app\\Views\\main\\leftSideBar.php', 37, [...])
 2 SYSTEMPATH\View\View.php(228): include('C:\\wamp64\\www\\pelisandgamesportal\\app\\Views\\main\\leftSideBar.php')
 3 SYSTEMPATH\View\View.php(231): CodeIgniter\View\View->CodeIgniter\View\{closure}()
 4 SYSTEMPATH\Common.php(1190): CodeIgniter\View\View->render('main/leftSideBar', [], true)
 5 APPPATH\Views\main\index.php(46): view('main/leftSideBar')
 6 SYSTEMPATH\View\View.php(228): include('C:\\wamp64\\www\\pelisandgamesportal\\app\\Views\\main\\index.php')
 7 SYSTEMPATH\View\View.php(231): CodeIgniter\View\View->CodeIgniter\View\{closure}()
 8 SYSTEMPATH\Common.php(1190): CodeIgniter\View\View->render('main/index', [], true)
 9 APPPATH\Views\main\header.php(59): view('main/index')
10 SYSTEMPATH\View\View.php(228): include('C:\\wamp64\\www\\pelisandgamesportal\\app\\Views\\main\\header.php')
11 SYSTEMPATH\View\View.php(231): CodeIgniter\View\View->CodeIgniter\View\{closure}()
12 SYSTEMPATH\Common.php(1190): CodeIgniter\View\View->render('main/header', [], true)
13 APPPATH\Controllers\Home.php(29): view('main/header', [...])
14 SYSTEMPATH\CodeIgniter.php(942): App\Controllers\Home->index()
15 SYSTEMPATH\CodeIgniter.php(502): CodeIgniter\CodeIgniter->runController(Object(App\Controllers\Home))
16 SYSTEMPATH\CodeIgniter.php(361): CodeIgniter\CodeIgniter->handleRequest(null, Object(Config\Cache), false)
17 FCPATH\index.php(80): CodeIgniter\CodeIgniter->run()
CRITICAL - 2023-12-10 03:27:28 --> Cannot use object of type stdClass as array
in APPPATH\Views\main\leftSideBar.php on line 38.
 1 SYSTEMPATH\View\View.php(228): include()
 2 SYSTEMPATH\View\View.php(231): CodeIgniter\View\View->CodeIgniter\View\{closure}()
 3 SYSTEMPATH\Common.php(1190): CodeIgniter\View\View->render('main/leftSideBar', [], true)
 4 APPPATH\Views\main\index.php(46): view('main/leftSideBar')
 5 SYSTEMPATH\View\View.php(228): include('C:\\wamp64\\www\\pelisandgamesportal\\app\\Views\\main\\index.php')
 6 SYSTEMPATH\View\View.php(231): CodeIgniter\View\View->CodeIgniter\View\{closure}()
 7 SYSTEMPATH\Common.php(1190): CodeIgniter\View\View->render('main/index', [], true)
 8 APPPATH\Views\main\header.php(59): view('main/index')
 9 SYSTEMPATH\View\View.php(228): include('C:\\wamp64\\www\\pelisandgamesportal\\app\\Views\\main\\header.php')
10 SYSTEMPATH\View\View.php(231): CodeIgniter\View\View->CodeIgniter\View\{closure}()
11 SYSTEMPATH\Common.php(1190): CodeIgniter\View\View->render('main/header', [], true)
12 APPPATH\Controllers\Home.php(29): view('main/header', [...])
13 SYSTEMPATH\CodeIgniter.php(942): App\Controllers\Home->index()
14 SYSTEMPATH\CodeIgniter.php(502): CodeIgniter\CodeIgniter->runController(Object(App\Controllers\Home))
15 SYSTEMPATH\CodeIgniter.php(361): CodeIgniter\CodeIgniter->handleRequest(null, Object(Config\Cache), false)
16 FCPATH\index.php(80): CodeIgniter\CodeIgniter->run()
INFO - 2023-12-10 03:41:23 --> Session: Class initialized using 'CodeIgniter\Session\Handlers\FileHandler' driver.
INFO - 2023-12-10 03:41:34 --> Session: Class initialized using 'CodeIgniter\Session\Handlers\FileHandler' driver.
INFO - 2023-12-10 03:45:13 --> Session: Class initialized using 'CodeIgniter\Session\Handlers\FileHandler' driver.
CRITICAL - 2023-12-10 03:45:13 --> Undefined variable: session
in APPPATH\Views\admin\login.php on line 84.
 1 APPPATH\Views\admin\login.php(84): CodeIgniter\Debug\Exceptions->errorHandler(8, 'Undefined variable: session', 'C:\\wamp64\\www\\pelisandgamesportal\\app\\Views\\admin\\login.php', 84, [...])
 2 SYSTEMPATH\View\View.php(228): include('C:\\wamp64\\www\\pelisandgamesportal\\app\\Views\\admin\\login.php')
 3 SYSTEMPATH\View\View.php(231): CodeIgniter\View\View->CodeIgniter\View\{closure}()
 4 SYSTEMPATH\Common.php(1190): CodeIgniter\View\View->render('admin/login', [], true)
 5 APPPATH\Views\main\header.php(59): view('admin/login')
 6 SYSTEMPATH\View\View.php(228): include('C:\\wamp64\\www\\pelisandgamesportal\\app\\Views\\main\\header.php')
 7 SYSTEMPATH\View\View.php(231): CodeIgniter\View\View->CodeIgniter\View\{closure}()
 8 SYSTEMPATH\Common.php(1190): CodeIgniter\View\View->render('main/header', [], true)
 9 APPPATH\Controllers\Authentication.php(56): view('main/header', [...])
10 SYSTEMPATH\CodeIgniter.php(942): App\Controllers\Authentication->signInAdmin()
11 SYSTEMPATH\CodeIgniter.php(502): CodeIgniter\CodeIgniter->runController(Object(App\Controllers\Authentication))
12 SYSTEMPATH\CodeIgniter.php(361): CodeIgniter\CodeIgniter->handleRequest(null, Object(Config\Cache), false)
13 FCPATH\index.php(80): CodeIgniter\CodeIgniter->run()
INFO - 2023-12-10 03:45:24 --> Session: Class initialized using 'CodeIgniter\Session\Handlers\FileHandler' driver.
INFO - 2023-12-10 03:45:32 --> Session: Class initialized using 'CodeIgniter\Session\Handlers\FileHandler' driver.
INFO - 2023-12-10 03:45:46 --> Session: Class initialized using 'CodeIgniter\Session\Handlers\FileHandler' driver.
INFO - 2023-12-10 03:45:59 --> Session: Class initialized using 'CodeIgniter\Session\Handlers\FileHandler' driver.
INFO - 2023-12-10 03:46:35 --> Session: Class initialized using 'CodeIgniter\Session\Handlers\FileHandler' driver.
INFO - 2023-12-10 03:46:46 --> Session: Class initialized using 'CodeIgniter\Session\Handlers\FileHandler' driver.
INFO - 2023-12-10 03:47:03 --> Session: Class initialized using 'CodeIgniter\Session\Handlers\FileHandler' driver.
INFO - 2023-12-10 03:52:40 --> Session: Class initialized using 'CodeIgniter\Session\Handlers\FileHandler' driver.
INFO - 2023-12-10 03:52:45 --> Session: Class initialized using 'CodeIgniter\Session\Handlers\FileHandler' driver.
INFO - 2023-12-10 03:53:07 --> Session: Class initialized using 'CodeIgniter\Session\Handlers\FileHandler' driver.
INFO - 2023-12-10 03:53:09 --> Session: Class initialized using 'CodeIgniter\Session\Handlers\FileHandler' driver.
ERROR - 2023-12-10 03:53:09 --> mysqli_sql_exception: Table 'pelisgamesportal.user' doesn't exist in C:\wamp64\www\pelisandgamesportal\system\Database\MySQLi\Connection.php:306
Stack trace:
#0 C:\wamp64\www\pelisandgamesportal\system\Database\MySQLi\Connection.php(306): mysqli->query('SELECT *\nFROM `...', 0)
#1 C:\wamp64\www\pelisandgamesportal\system\Database\BaseConnection.php(693): CodeIgniter\Database\MySQLi\Connection->execute('SELECT *\nFROM `...')
#2 C:\wamp64\www\pelisandgamesportal\system\Database\BaseConnection.php(607): CodeIgniter\Database\BaseConnection->simpleQuery('SELECT *\nFROM `...')
#3 C:\wamp64\www\pelisandgamesportal\system\Database\BaseBuilder.php(1615): CodeIgniter\Database\BaseConnection->query('SELECT *\nFROM `...', Array, false)
#4 C:\wamp64\www\pelisandgamesportal\app\Models\AuthenticationModel.php(22): CodeIgniter\Database\BaseBuilder->get()
#5 C:\wamp64\www\pelisandgamesportal\app\Controllers\Authentication.php(64): App\Models\AuthenticationModel->login(NULL, '1234')
#6 C:\wamp64\www\pelisandgamesportal\system\CodeIgniter.php(942): App\Controllers\Authentication->signInProcess()
#7 C:\wamp64\www\pelisandgamesportal\system\CodeIgniter.php(502): CodeIgniter\CodeIgniter->runController(Object(App\Controllers\Authentication))
#8 C:\wamp64\www\pelisandgamesportal\system\CodeIgniter.php(361): CodeIgniter\CodeIgniter->handleRequest(NULL, Object(Config\Cache), false)
#9 C:\wamp64\www\pelisandgamesportal\public\index.php(80): CodeIgniter\CodeIgniter->run()
#10 {main}
CRITICAL - 2023-12-10 03:53:09 --> Table 'pelisgamesportal.user' doesn't exist
in SYSTEMPATH\Database\BaseConnection.php on line 647.
 1 SYSTEMPATH\Database\BaseBuilder.php(1615): CodeIgniter\Database\BaseConnection->query('SELECT *
FROM `user`
WHERE `user` IS NULL', [], false)
 2 APPPATH\Models\AuthenticationModel.php(22): CodeIgniter\Database\BaseBuilder->get()
 3 APPPATH\Controllers\Authentication.php(64): App\Models\AuthenticationModel->login(null, '1234')
 4 SYSTEMPATH\CodeIgniter.php(942): App\Controllers\Authentication->signInProcess()
 5 SYSTEMPATH\CodeIgniter.php(502): CodeIgniter\CodeIgniter->runController(Object(App\Controllers\Authentication))
 6 SYSTEMPATH\CodeIgniter.php(361): CodeIgniter\CodeIgniter->handleRequest(null, Object(Config\Cache), false)
 7 FCPATH\index.php(80): CodeIgniter\CodeIgniter->run()
INFO - 2023-12-10 03:54:19 --> Session: Class initialized using 'CodeIgniter\Session\Handlers\FileHandler' driver.
INFO - 2023-12-10 03:54:22 --> Session: Class initialized using 'CodeIgniter\Session\Handlers\FileHandler' driver.
CRITICAL - 2023-12-10 03:54:22 --> Undefined property: stdClass::$pass
in APPPATH\Models\AuthenticationModel.php on line 31.
 1 APPPATH\Models\AuthenticationModel.php(31): CodeIgniter\Debug\Exceptions->errorHandler(8, 'Undefined property: stdClass::$pass', 'C:\\wamp64\\www\\pelisandgamesportal\\app\\Models\\AuthenticationModel.php', 31, [...])
 2 APPPATH\Controllers\Authentication.php(64): App\Models\AuthenticationModel->login('Admin', '1234')
 3 SYSTEMPATH\CodeIgniter.php(942): App\Controllers\Authentication->signInProcess()
 4 SYSTEMPATH\CodeIgniter.php(502): CodeIgniter\CodeIgniter->runController(Object(App\Controllers\Authentication))
 5 SYSTEMPATH\CodeIgniter.php(361): CodeIgniter\CodeIgniter->handleRequest(null, Object(Config\Cache), false)
 6 FCPATH\index.php(80): CodeIgniter\CodeIgniter->run()
INFO - 2023-12-10 03:54:41 --> Session: Class initialized using 'CodeIgniter\Session\Handlers\FileHandler' driver.
INFO - 2023-12-10 03:54:44 --> Session: Class initialized using 'CodeIgniter\Session\Handlers\FileHandler' driver.
INFO - 2023-12-10 03:54:55 --> Session: Class initialized using 'CodeIgniter\Session\Handlers\FileHandler' driver.
INFO - 2023-12-10 03:54:58 --> Session: Class initialized using 'CodeIgniter\Session\Handlers\FileHandler' driver.
CRITICAL - 2023-12-10 03:54:58 --> Undefined property: stdClass::$activate_status
in APPPATH\Models\AuthenticationModel.php on line 32.
 1 APPPATH\Models\AuthenticationModel.php(32): CodeIgniter\Debug\Exceptions->errorHandler(8, 'Undefined property: stdClass::$activate_status', 'C:\\wamp64\\www\\pelisandgamesportal\\app\\Models\\AuthenticationModel.php', 32, [...])
 2 APPPATH\Controllers\Authentication.php(64): App\Models\AuthenticationModel->login('Admin', '123')
 3 SYSTEMPATH\CodeIgniter.php(942): App\Controllers\Authentication->signInProcess()
 4 SYSTEMPATH\CodeIgniter.php(502): CodeIgniter\CodeIgniter->runController(Object(App\Controllers\Authentication))
 5 SYSTEMPATH\CodeIgniter.php(361): CodeIgniter\CodeIgniter->handleRequest(null, Object(Config\Cache), false)
 6 FCPATH\index.php(80): CodeIgniter\CodeIgniter->run()
INFO - 2023-12-10 03:56:33 --> Session: Class initialized using 'CodeIgniter\Session\Handlers\FileHandler' driver.
INFO - 2023-12-10 03:56:35 --> Session: Class initialized using 'CodeIgniter\Session\Handlers\FileHandler' driver.
INFO - 2023-12-10 03:56:53 --> Session: Class initialized using 'CodeIgniter\Session\Handlers\FileHandler' driver.
INFO - 2023-12-10 03:56:57 --> Session: Class initialized using 'CodeIgniter\Session\Handlers\FileHandler' driver.
INFO - 2023-12-10 03:56:58 --> Session: Class initialized using 'CodeIgniter\Session\Handlers\FileHandler' driver.
INFO - 2023-12-10 03:59:38 --> Session: Class initialized using 'CodeIgniter\Session\Handlers\FileHandler' driver.
INFO - 2023-12-10 04:00:43 --> Session: Class initialized using 'CodeIgniter\Session\Handlers\FileHandler' driver.
INFO - 2023-12-10 04:00:43 --> Session: Class initialized using 'CodeIgniter\Session\Handlers\FileHandler' driver.
INFO - 2023-12-10 04:01:19 --> Session: Class initialized using 'CodeIgniter\Session\Handlers\FileHandler' driver.
INFO - 2023-12-10 04:01:19 --> Session: Class initialized using 'CodeIgniter\Session\Handlers\FileHandler' driver.
INFO - 2023-12-10 04:01:20 --> Session: Class initialized using 'CodeIgniter\Session\Handlers\FileHandler' driver.
INFO - 2023-12-10 04:01:24 --> Session: Class initialized using 'CodeIgniter\Session\Handlers\FileHandler' driver.
INFO - 2023-12-10 04:01:25 --> Session: Class initialized using 'CodeIgniter\Session\Handlers\FileHandler' driver.
INFO - 2023-12-10 04:01:25 --> Session: Class initialized using 'CodeIgniter\Session\Handlers\FileHandler' driver.
INFO - 2023-12-10 04:02:05 --> Session: Class initialized using 'CodeIgniter\Session\Handlers\FileHandler' driver.
INFO - 2023-12-10 04:02:05 --> Session: Class initialized using 'CodeIgniter\Session\Handlers\FileHandler' driver.
INFO - 2023-12-10 04:02:08 --> Session: Class initialized using 'CodeIgniter\Session\Handlers\FileHandler' driver.
INFO - 2023-12-10 04:02:08 --> Session: Class initialized using 'CodeIgniter\Session\Handlers\FileHandler' driver.
INFO - 2023-12-10 04:02:08 --> Session: Class initialized using 'CodeIgniter\Session\Handlers\FileHandler' driver.
INFO - 2023-12-10 04:02:10 --> Session: Class initialized using 'CodeIgniter\Session\Handlers\FileHandler' driver.
INFO - 2023-12-10 04:02:11 --> Session: Class initialized using 'CodeIgniter\Session\Handlers\FileHandler' driver.
INFO - 2023-12-10 04:02:12 --> Session: Class initialized using 'CodeIgniter\Session\Handlers\FileHandler' driver.
INFO - 2023-12-10 04:02:15 --> Session: Class initialized using 'CodeIgniter\Session\Handlers\FileHandler' driver.
INFO - 2023-12-10 04:02:15 --> Session: Class initialized using 'CodeIgniter\Session\Handlers\FileHandler' driver.
INFO - 2023-12-10 04:04:59 --> Session: Class initialized using 'CodeIgniter\Session\Handlers\FileHandler' driver.
INFO - 2023-12-10 04:05:52 --> Session: Class initialized using 'CodeIgniter\Session\Handlers\FileHandler' driver.
CRITICAL - 2023-12-10 04:05:52 --> Use of undefined constant COMPANY_NAME - assumed 'COMPANY_NAME' (this will throw an Error in a future version of PHP)
in APPPATH\Views\admin\nav\navbar.php on line 4.
 1 APPPATH\Views\admin\nav\navbar.php(4): CodeIgniter\Debug\Exceptions->errorHandler(2, 'Use of undefined constant COMPANY_NAME - assumed \'COMPANY_NAME\' (this will throw an Error in a future version of PHP)', 'C:\\wamp64\\www\\pelisandgamesportal\\app\\Views\\admin\\nav\\navbar.php', 4, [...])
 2 SYSTEMPATH\View\View.php(228): include('C:\\wamp64\\www\\pelisandgamesportal\\app\\Views\\admin\\nav\\navbar.php')
 3 SYSTEMPATH\View\View.php(231): CodeIgniter\View\View->CodeIgniter\View\{closure}()
 4 SYSTEMPATH\Common.php(1190): CodeIgniter\View\View->render('admin/nav/navbar', [], true)
 5 APPPATH\Views\admin\main.php(1): view('admin/nav/navbar')
 6 SYSTEMPATH\View\View.php(228): include('C:\\wamp64\\www\\pelisandgamesportal\\app\\Views\\admin\\main.php')
 7 SYSTEMPATH\View\View.php(231): CodeIgniter\View\View->CodeIgniter\View\{closure}()
 8 SYSTEMPATH\Common.php(1190): CodeIgniter\View\View->render('admin/main', [], true)
 9 APPPATH\Views\main\header.php(59): view('admin/main')
10 SYSTEMPATH\View\View.php(228): include('C:\\wamp64\\www\\pelisandgamesportal\\app\\Views\\main\\header.php')
11 SYSTEMPATH\View\View.php(231): CodeIgniter\View\View->CodeIgniter\View\{closure}()
12 SYSTEMPATH\Common.php(1190): CodeIgniter\View\View->render('main/header', [], true)
13 APPPATH\Controllers\Admin.php(33): view('main/header', [...])
14 SYSTEMPATH\CodeIgniter.php(942): App\Controllers\Admin->main()
15 SYSTEMPATH\CodeIgniter.php(502): CodeIgniter\CodeIgniter->runController(Object(App\Controllers\Admin))
16 SYSTEMPATH\CodeIgniter.php(361): CodeIgniter\CodeIgniter->handleRequest(null, Object(Config\Cache), false)
17 FCPATH\index.php(80): CodeIgniter\CodeIgniter->run()
INFO - 2023-12-10 04:06:22 --> Session: Class initialized using 'CodeIgniter\Session\Handlers\FileHandler' driver.
CRITICAL - 2023-12-10 04:06:22 --> Undefined variable: user
in APPPATH\Views\admin\nav\navbar.php on line 62.
 1 APPPATH\Views\admin\nav\navbar.php(62): CodeIgniter\Debug\Exceptions->errorHandler(8, 'Undefined variable: user', 'C:\\wamp64\\www\\pelisandgamesportal\\app\\Views\\admin\\nav\\navbar.php', 62, [...])
 2 SYSTEMPATH\View\View.php(228): include('C:\\wamp64\\www\\pelisandgamesportal\\app\\Views\\admin\\nav\\navbar.php')
 3 SYSTEMPATH\View\View.php(231): CodeIgniter\View\View->CodeIgniter\View\{closure}()
 4 SYSTEMPATH\Common.php(1190): CodeIgniter\View\View->render('admin/nav/navbar', [], true)
 5 APPPATH\Views\admin\main.php(1): view('admin/nav/navbar')
 6 SYSTEMPATH\View\View.php(228): include('C:\\wamp64\\www\\pelisandgamesportal\\app\\Views\\admin\\main.php')
 7 SYSTEMPATH\View\View.php(231): CodeIgniter\View\View->CodeIgniter\View\{closure}()
 8 SYSTEMPATH\Common.php(1190): CodeIgniter\View\View->render('admin/main', [], true)
 9 APPPATH\Views\main\header.php(59): view('admin/main')
10 SYSTEMPATH\View\View.php(228): include('C:\\wamp64\\www\\pelisandgamesportal\\app\\Views\\main\\header.php')
11 SYSTEMPATH\View\View.php(231): CodeIgniter\View\View->CodeIgniter\View\{closure}()
12 SYSTEMPATH\Common.php(1190): CodeIgniter\View\View->render('main/header', [], true)
13 APPPATH\Controllers\Admin.php(33): view('main/header', [...])
14 SYSTEMPATH\CodeIgniter.php(942): App\Controllers\Admin->main()
15 SYSTEMPATH\CodeIgniter.php(502): CodeIgniter\CodeIgniter->runController(Object(App\Controllers\Admin))
16 SYSTEMPATH\CodeIgniter.php(361): CodeIgniter\CodeIgniter->handleRequest(null, Object(Config\Cache), false)
17 FCPATH\index.php(80): CodeIgniter\CodeIgniter->run()
INFO - 2023-12-10 04:06:44 --> Session: Class initialized using 'CodeIgniter\Session\Handlers\FileHandler' driver.
CRITICAL - 2023-12-10 04:06:44 --> Undefined variable: user
in APPPATH\Views\admin\nav\navbar.php on line 62.
 1 APPPATH\Views\admin\nav\navbar.php(62): CodeIgniter\Debug\Exceptions->errorHandler(8, 'Undefined variable: user', 'C:\\wamp64\\www\\pelisandgamesportal\\app\\Views\\admin\\nav\\navbar.php', 62, [...])
 2 SYSTEMPATH\View\View.php(228): include('C:\\wamp64\\www\\pelisandgamesportal\\app\\Views\\admin\\nav\\navbar.php')
 3 SYSTEMPATH\View\View.php(231): CodeIgniter\View\View->CodeIgniter\View\{closure}()
 4 SYSTEMPATH\Common.php(1190): CodeIgniter\View\View->render('admin/nav/navbar', [], true)
 5 APPPATH\Views\admin\main.php(1): view('admin/nav/navbar')
 6 SYSTEMPATH\View\View.php(228): include('C:\\wamp64\\www\\pelisandgamesportal\\app\\Views\\admin\\main.php')
 7 SYSTEMPATH\View\View.php(231): CodeIgniter\View\View->CodeIgniter\View\{closure}()
 8 SYSTEMPATH\Common.php(1190): CodeIgniter\View\View->render('admin/main', [], true)
 9 APPPATH\Views\main\header.php(59): view('admin/main')
10 SYSTEMPATH\View\View.php(228): include('C:\\wamp64\\www\\pelisandgamesportal\\app\\Views\\main\\header.php')
11 SYSTEMPATH\View\View.php(231): CodeIgniter\View\View->CodeIgniter\View\{closure}()
12 SYSTEMPATH\Common.php(1190): CodeIgniter\View\View->render('main/header', [], true)
13 APPPATH\Controllers\Admin.php(33): view('main/header', [...])
14 SYSTEMPATH\CodeIgniter.php(942): App\Controllers\Admin->main()
15 SYSTEMPATH\CodeIgniter.php(502): CodeIgniter\CodeIgniter->runController(Object(App\Controllers\Admin))
16 SYSTEMPATH\CodeIgniter.php(361): CodeIgniter\CodeIgniter->handleRequest(null, Object(Config\Cache), false)
17 FCPATH\index.php(80): CodeIgniter\CodeIgniter->run()
INFO - 2023-12-10 04:06:45 --> Session: Class initialized using 'CodeIgniter\Session\Handlers\FileHandler' driver.
CRITICAL - 2023-12-10 04:06:45 --> Undefined variable: user
in APPPATH\Views\admin\nav\navbar.php on line 62.
 1 APPPATH\Views\admin\nav\navbar.php(62): CodeIgniter\Debug\Exceptions->errorHandler(8, 'Undefined variable: user', 'C:\\wamp64\\www\\pelisandgamesportal\\app\\Views\\admin\\nav\\navbar.php', 62, [...])
 2 SYSTEMPATH\View\View.php(228): include('C:\\wamp64\\www\\pelisandgamesportal\\app\\Views\\admin\\nav\\navbar.php')
 3 SYSTEMPATH\View\View.php(231): CodeIgniter\View\View->CodeIgniter\View\{closure}()
 4 SYSTEMPATH\Common.php(1190): CodeIgniter\View\View->render('admin/nav/navbar', [], true)
 5 APPPATH\Views\admin\main.php(1): view('admin/nav/navbar')
 6 SYSTEMPATH\View\View.php(228): include('C:\\wamp64\\www\\pelisandgamesportal\\app\\Views\\admin\\main.php')
 7 SYSTEMPATH\View\View.php(231): CodeIgniter\View\View->CodeIgniter\View\{closure}()
 8 SYSTEMPATH\Common.php(1190): CodeIgniter\View\View->render('admin/main', [], true)
 9 APPPATH\Views\main\header.php(59): view('admin/main')
10 SYSTEMPATH\View\View.php(228): include('C:\\wamp64\\www\\pelisandgamesportal\\app\\Views\\main\\header.php')
11 SYSTEMPATH\View\View.php(231): CodeIgniter\View\View->CodeIgniter\View\{closure}()
12 SYSTEMPATH\Common.php(1190): CodeIgniter\View\View->render('main/header', [], true)
13 APPPATH\Controllers\Admin.php(33): view('main/header', [...])
14 SYSTEMPATH\CodeIgniter.php(942): App\Controllers\Admin->main()
15 SYSTEMPATH\CodeIgniter.php(502): CodeIgniter\CodeIgniter->runController(Object(App\Controllers\Admin))
16 SYSTEMPATH\CodeIgniter.php(361): CodeIgniter\CodeIgniter->handleRequest(null, Object(Config\Cache), false)
17 FCPATH\index.php(80): CodeIgniter\CodeIgniter->run()
INFO - 2023-12-10 04:06:46 --> Session: Class initialized using 'CodeIgniter\Session\Handlers\FileHandler' driver.
INFO - 2023-12-10 04:06:49 --> Session: Class initialized using 'CodeIgniter\Session\Handlers\FileHandler' driver.
INFO - 2023-12-10 04:06:49 --> Session: Class initialized using 'CodeIgniter\Session\Handlers\FileHandler' driver.
CRITICAL - 2023-12-10 04:06:49 --> Undefined variable: user
in APPPATH\Views\admin\nav\navbar.php on line 62.
 1 APPPATH\Views\admin\nav\navbar.php(62): CodeIgniter\Debug\Exceptions->errorHandler(8, 'Undefined variable: user', 'C:\\wamp64\\www\\pelisandgamesportal\\app\\Views\\admin\\nav\\navbar.php', 62, [...])
 2 SYSTEMPATH\View\View.php(228): include('C:\\wamp64\\www\\pelisandgamesportal\\app\\Views\\admin\\nav\\navbar.php')
 3 SYSTEMPATH\View\View.php(231): CodeIgniter\View\View->CodeIgniter\View\{closure}()
 4 SYSTEMPATH\Common.php(1190): CodeIgniter\View\View->render('admin/nav/navbar', [], true)
 5 APPPATH\Views\admin\main.php(1): view('admin/nav/navbar')
 6 SYSTEMPATH\View\View.php(228): include('C:\\wamp64\\www\\pelisandgamesportal\\app\\Views\\admin\\main.php')
 7 SYSTEMPATH\View\View.php(231): CodeIgniter\View\View->CodeIgniter\View\{closure}()
 8 SYSTEMPATH\Common.php(1190): CodeIgniter\View\View->render('admin/main', [], true)
 9 APPPATH\Views\main\header.php(59): view('admin/main')
10 SYSTEMPATH\View\View.php(228): include('C:\\wamp64\\www\\pelisandgamesportal\\app\\Views\\main\\header.php')
11 SYSTEMPATH\View\View.php(231): CodeIgniter\View\View->CodeIgniter\View\{closure}()
12 SYSTEMPATH\Common.php(1190): CodeIgniter\View\View->render('main/header', [], true)
13 APPPATH\Controllers\Admin.php(33): view('main/header', [...])
14 SYSTEMPATH\CodeIgniter.php(942): App\Controllers\Admin->main()
15 SYSTEMPATH\CodeIgniter.php(502): CodeIgniter\CodeIgniter->runController(Object(App\Controllers\Admin))
16 SYSTEMPATH\CodeIgniter.php(361): CodeIgniter\CodeIgniter->handleRequest(null, Object(Config\Cache), false)
17 FCPATH\index.php(80): CodeIgniter\CodeIgniter->run()
INFO - 2023-12-10 04:07:20 --> Session: Class initialized using 'CodeIgniter\Session\Handlers\FileHandler' driver.
INFO - 2023-12-10 04:07:26 --> Session: Class initialized using 'CodeIgniter\Session\Handlers\FileHandler' driver.
INFO - 2023-12-10 04:07:35 --> Session: Class initialized using 'CodeIgniter\Session\Handlers\FileHandler' driver.
INFO - 2023-12-10 04:07:37 --> Session: Class initialized using 'CodeIgniter\Session\Handlers\FileHandler' driver.
INFO - 2023-12-10 04:08:11 --> Session: Class initialized using 'CodeIgniter\Session\Handlers\FileHandler' driver.
INFO - 2023-12-10 04:08:15 --> Session: Class initialized using 'CodeIgniter\Session\Handlers\FileHandler' driver.
INFO - 2023-12-10 04:08:41 --> Session: Class initialized using 'CodeIgniter\Session\Handlers\FileHandler' driver.
INFO - 2023-12-10 04:08:46 --> Session: Class initialized using 'CodeIgniter\Session\Handlers\FileHandler' driver.
INFO - 2023-12-10 04:08:48 --> Session: Class initialized using 'CodeIgniter\Session\Handlers\FileHandler' driver.
INFO - 2023-12-10 04:08:50 --> Session: Class initialized using 'CodeIgniter\Session\Handlers\FileHandler' driver.
INFO - 2023-12-10 04:08:51 --> Session: Class initialized using 'CodeIgniter\Session\Handlers\FileHandler' driver.
INFO - 2023-12-10 04:09:54 --> Session: Class initialized using 'CodeIgniter\Session\Handlers\FileHandler' driver.
INFO - 2023-12-10 04:10:05 --> Session: Class initialized using 'CodeIgniter\Session\Handlers\FileHandler' driver.
INFO - 2023-12-10 04:10:28 --> Session: Class initialized using 'CodeIgniter\Session\Handlers\FileHandler' driver.
INFO - 2023-12-10 04:10:41 --> Session: Class initialized using 'CodeIgniter\Session\Handlers\FileHandler' driver.
INFO - 2023-12-10 04:11:04 --> Session: Class initialized using 'CodeIgniter\Session\Handlers\FileHandler' driver.
INFO - 2023-12-10 04:11:32 --> Session: Class initialized using 'CodeIgniter\Session\Handlers\FileHandler' driver.
INFO - 2023-12-10 21:56:30 --> Session: Class initialized using 'CodeIgniter\Session\Handlers\FileHandler' driver.
INFO - 2023-12-10 21:56:32 --> Session: Class initialized using 'CodeIgniter\Session\Handlers\FileHandler' driver.
INFO - 2023-12-10 21:56:33 --> Session: Class initialized using 'CodeIgniter\Session\Handlers\FileHandler' driver.
INFO - 2023-12-10 21:57:26 --> Session: Class initialized using 'CodeIgniter\Session\Handlers\FileHandler' driver.
INFO - 2023-12-10 21:57:28 --> Session: Class initialized using 'CodeIgniter\Session\Handlers\FileHandler' driver.
INFO - 2023-12-10 21:57:28 --> Session: Class initialized using 'CodeIgniter\Session\Handlers\FileHandler' driver.
INFO - 2023-12-10 21:57:37 --> Session: Class initialized using 'CodeIgniter\Session\Handlers\FileHandler' driver.
INFO - 2023-12-10 21:58:17 --> Session: Class initialized using 'CodeIgniter\Session\Handlers\FileHandler' driver.
INFO - 2023-12-10 21:58:40 --> Session: Class initialized using 'CodeIgniter\Session\Handlers\FileHandler' driver.
INFO - 2023-12-10 22:06:05 --> Session: Class initialized using 'CodeIgniter\Session\Handlers\FileHandler' driver.
INFO - 2023-12-10 22:06:06 --> Session: Class initialized using 'CodeIgniter\Session\Handlers\FileHandler' driver.
INFO - 2023-12-10 22:06:08 --> Session: Class initialized using 'CodeIgniter\Session\Handlers\FileHandler' driver.
INFO - 2023-12-10 22:06:11 --> Session: Class initialized using 'CodeIgniter\Session\Handlers\FileHandler' driver.
INFO - 2023-12-10 22:06:13 --> Session: Class initialized using 'CodeIgniter\Session\Handlers\FileHandler' driver.
INFO - 2023-12-10 22:06:18 --> Session: Class initialized using 'CodeIgniter\Session\Handlers\FileHandler' driver.
INFO - 2023-12-10 22:06:36 --> Session: Class initialized using 'CodeIgniter\Session\Handlers\FileHandler' driver.
CRITICAL - 2023-12-10 22:06:36 --> Undefined variable: movies
in APPPATH\Views\admin\movies\main.php on line 24.
 1 APPPATH\Views\admin\movies\main.php(24): CodeIgniter\Debug\Exceptions->errorHandler(8, 'Undefined variable: movies', 'C:\\wamp64\\www\\pelisandgamesportal\\app\\Views\\admin\\movies\\main.php', 24, [...])
 2 SYSTEMPATH\View\View.php(228): include('C:\\wamp64\\www\\pelisandgamesportal\\app\\Views\\admin\\movies\\main.php')
 3 SYSTEMPATH\View\View.php(231): CodeIgniter\View\View->CodeIgniter\View\{closure}()
 4 SYSTEMPATH\Common.php(1190): CodeIgniter\View\View->render('admin/movies/main', [], true)
 5 APPPATH\Views\main\header.php(59): view('admin/movies/main')
 6 SYSTEMPATH\View\View.php(228): include('C:\\wamp64\\www\\pelisandgamesportal\\app\\Views\\main\\header.php')
 7 SYSTEMPATH\View\View.php(231): CodeIgniter\View\View->CodeIgniter\View\{closure}()
 8 SYSTEMPATH\Common.php(1190): CodeIgniter\View\View->render('main/header', [], true)
 9 APPPATH\Controllers\Admin.php(49): view('main/header', [...])
10 SYSTEMPATH\CodeIgniter.php(942): App\Controllers\Admin->movies()
11 SYSTEMPATH\CodeIgniter.php(502): CodeIgniter\CodeIgniter->runController(Object(App\Controllers\Admin))
12 SYSTEMPATH\CodeIgniter.php(361): CodeIgniter\CodeIgniter->handleRequest(null, Object(Config\Cache), false)
13 FCPATH\index.php(80): CodeIgniter\CodeIgniter->run()
INFO - 2023-12-10 22:06:53 --> Session: Class initialized using 'CodeIgniter\Session\Handlers\FileHandler' driver.
INFO - 2023-12-10 22:07:44 --> Session: Class initialized using 'CodeIgniter\Session\Handlers\FileHandler' driver.
INFO - 2023-12-10 22:08:16 --> Session: Class initialized using 'CodeIgniter\Session\Handlers\FileHandler' driver.
INFO - 2023-12-10 22:08:53 --> Session: Class initialized using 'CodeIgniter\Session\Handlers\FileHandler' driver.
INFO - 2023-12-10 22:08:59 --> Session: Class initialized using 'CodeIgniter\Session\Handlers\FileHandler' driver.
INFO - 2023-12-10 22:09:39 --> Session: Class initialized using 'CodeIgniter\Session\Handlers\FileHandler' driver.
INFO - 2023-12-10 22:09:40 --> Session: Class initialized using 'CodeIgniter\Session\Handlers\FileHandler' driver.
INFO - 2023-12-10 22:10:35 --> Session: Class initialized using 'CodeIgniter\Session\Handlers\FileHandler' driver.
INFO - 2023-12-10 22:10:44 --> Session: Class initialized using 'CodeIgniter\Session\Handlers\FileHandler' driver.
INFO - 2023-12-10 22:11:23 --> Session: Class initialized using 'CodeIgniter\Session\Handlers\FileHandler' driver.
INFO - 2023-12-10 22:11:36 --> Session: Class initialized using 'CodeIgniter\Session\Handlers\FileHandler' driver.
INFO - 2023-12-10 22:12:36 --> Session: Class initialized using 'CodeIgniter\Session\Handlers\FileHandler' driver.
INFO - 2023-12-10 22:13:02 --> Session: Class initialized using 'CodeIgniter\Session\Handlers\FileHandler' driver.
INFO - 2023-12-10 22:13:11 --> Session: Class initialized using 'CodeIgniter\Session\Handlers\FileHandler' driver.
INFO - 2023-12-10 22:14:29 --> Session: Class initialized using 'CodeIgniter\Session\Handlers\FileHandler' driver.
INFO - 2023-12-10 22:14:30 --> Session: Class initialized using 'CodeIgniter\Session\Handlers\FileHandler' driver.
CRITICAL - 2023-12-10 22:14:30 --> Undefined variable: games
in APPPATH\Views\admin\games\main.php on line 25.
 1 APPPATH\Views\admin\games\main.php(25): CodeIgniter\Debug\Exceptions->errorHandler(8, 'Undefined variable: games', 'C:\\wamp64\\www\\pelisandgamesportal\\app\\Views\\admin\\games\\main.php', 25, [...])
 2 SYSTEMPATH\View\View.php(228): include('C:\\wamp64\\www\\pelisandgamesportal\\app\\Views\\admin\\games\\main.php')
 3 SYSTEMPATH\View\View.php(231): CodeIgniter\View\View->CodeIgniter\View\{closure}()
 4 SYSTEMPATH\Common.php(1190): CodeIgniter\View\View->render('admin/games/main', [], true)
 5 APPPATH\Views\main\header.php(61): view('admin/games/main')
 6 SYSTEMPATH\View\View.php(228): include('C:\\wamp64\\www\\pelisandgamesportal\\app\\Views\\main\\header.php')
 7 SYSTEMPATH\View\View.php(231): CodeIgniter\View\View->CodeIgniter\View\{closure}()
 8 SYSTEMPATH\Common.php(1190): CodeIgniter\View\View->render('main/header', [], true)
 9 APPPATH\Controllers\Admin.php(67): view('main/header', [...])
10 SYSTEMPATH\CodeIgniter.php(942): App\Controllers\Admin->games()
11 SYSTEMPATH\CodeIgniter.php(502): CodeIgniter\CodeIgniter->runController(Object(App\Controllers\Admin))
12 SYSTEMPATH\CodeIgniter.php(361): CodeIgniter\CodeIgniter->handleRequest(null, Object(Config\Cache), false)
13 FCPATH\index.php(80): CodeIgniter\CodeIgniter->run()
INFO - 2023-12-10 22:14:54 --> Session: Class initialized using 'CodeIgniter\Session\Handlers\FileHandler' driver.
INFO - 2023-12-10 22:14:59 --> Session: Class initialized using 'CodeIgniter\Session\Handlers\FileHandler' driver.
INFO - 2023-12-10 22:14:59 --> Session: Class initialized using 'CodeIgniter\Session\Handlers\FileHandler' driver.
INFO - 2023-12-10 22:15:01 --> Session: Class initialized using 'CodeIgniter\Session\Handlers\FileHandler' driver.
INFO - 2023-12-10 22:15:02 --> Session: Class initialized using 'CodeIgniter\Session\Handlers\FileHandler' driver.
